[ 2014-02-21T16:22:39+08:00 ] 0.0.0.0 /myblog/index.php/Admin/Blog/addBlog/
INFO: [ route_check ] --START--
INFO: CheckRoute Behavior ::run [ RunTime:0.003001s ]
INFO: [ route_check ] --END-- [ RunTime:0.003001s ]
INFO: [ app_begin ] --START--
INFO: ReadHtmlCache Behavior ::run [ RunTime:0.002001s ]
INFO: [ app_begin ] --END-- [ RunTime:0.002001s ]
SQL: SHOW COLUMNS FROM `blog` [ RunTime:0.086005s ]
SQL: SHOW COLUMNS FROM `blog_cat` [ RunTime:0.224013s ]
SQL: SELECT * FROM `blog_cat`  [ RunTime:0.001000s ]
INFO: [ view_parse ] --START--
INFO: ParseTemplate Behavior ::run [ RunTime:0.253014s ]
INFO: [ view_parse ] --END-- [ RunTime:0.254014s ]
INFO: [ view_filter ] --START--
INFO: ContentReplace Behavior ::run [ RunTime:0.001000s ]
INFO: TokenBuild Behavior ::run [ RunTime:0.002001s ]
INFO: WriteHtmlCache Behavior ::run [ RunTime:0.001000s ]
INFO: ShowRuntime Behavior ::run [ RunTime:0.002000s ]
INFO: [ view_filter ] --END-- [ RunTime:0.008001s ]
INFO: [ view_end ] --START--
INFO: ShowPageTrace Behavior ::run [ RunTime:0.011000s ]
INFO: [ view_end ] --END-- [ RunTime:0.012001s ]

[ 2014-02-21T16:22:40+08:00 ] 0.0.0.0 /myblog/index.php/Home/Blog/index
INFO: [ route_check ] --START--
INFO: CheckRoute Behavior ::run [ RunTime:0.003000s ]
INFO: [ route_check ] --END-- [ RunTime:0.003000s ]
INFO: [ app_begin ] --START--
INFO: ReadHtmlCache Behavior ::run [ RunTime:0.002001s ]
INFO: [ app_begin ] --END-- [ RunTime:0.002001s ]
SQL: SHOW COLUMNS FROM `blog` [ RunTime:0.029002s ]
SQL: SELECT COUNT(*) AS tp_count FROM `blog` right join blog_cat ON blog.cat_id = blog_cat.id WHERE ( blog.cat_id = blog_cat.id ) ORDER BY cttime desc LIMIT 1   [ RunTime:0.001000s ]
SQL: SELECT blog.*,blog.id as blog_id,blog_cat.*,count(comm.id) AS comment FROM `blog` left join blog_cat ON blog.cat_id = blog_cat.id left join (select * from comment where category = 'blog') AS comm ON blog.id = comm.union_id WHERE ( blog.cat_id = blog_cat.id  ) GROUP BY blog.id ORDER BY blog.cttime desc LIMIT 0,5 [ RunTime:0.656037s ]
SQL: SHOW COLUMNS FROM `blog_cat` [ RunTime:0.006000s ]
SQL: SHOW COLUMNS FROM `blog` [ RunTime:0.008001s ]
SQL: select count(*),`blog_cat`.* from `blog_cat`,`blog` where `blog_cat`.`id` = `blog`.`cat_id` group by `category` [ RunTime:0.001000s ]
SQL: select * from `blog` group by `tag` [ RunTime:0.007000s ]
INFO: [ view_parse ] --START--
INFO: ParseTemplate Behavior ::run [ RunTime:0.056004s ]
INFO: [ view_parse ] --END-- [ RunTime:0.056004s ]
INFO: [ view_filter ] --START--
INFO: ContentReplace Behavior ::run [ RunTime:0.003000s ]
INFO: TokenBuild Behavior ::run [ RunTime:0.002000s ]
INFO: WriteHtmlCache Behavior ::run [ RunTime:0.001000s ]
INFO: ShowRuntime Behavior ::run [ RunTime:0.002000s ]
INFO: [ view_filter ] --END-- [ RunTime:0.010000s ]
INFO: [ view_end ] --START--
INFO: ShowPageTrace Behavior ::run [ RunTime:0.002000s ]
INFO: [ view_end ] --END-- [ RunTime:0.003000s ]

[ 2014-02-21T16:23:18+08:00 ] 0.0.0.0 /myblog/index.php/home/book/index
INFO: [ route_check ] --START--
INFO: CheckRoute Behavior ::run [ RunTime:0.002000s ]
INFO: [ route_check ] --END-- [ RunTime:0.004001s ]
INFO: [ app_begin ] --START--
INFO: ReadHtmlCache Behavior ::run [ RunTime:0.002000s ]
INFO: [ app_begin ] --END-- [ RunTime:0.003000s ]
SQL: SHOW COLUMNS FROM `book` [ RunTime:0.057004s ]
SQL: SELECT book_cat.category,book.* FROM `book` LEFT JOIN book_cat ON book_cat.id = book.cat_id  [ RunTime:0.108006s ]
INFO: [ view_parse ] --START--
NOTIC: [8] Undefined variable: seo_keywords D:\xampp\htdocs\myblog\APP\Runtime\Cache\Home\c667a38f06df509a6f961cf62c4b88d0.php 第 5 行.
NOTIC: [8] Undefined variable: seo_description D:\xampp\htdocs\myblog\APP\Runtime\Cache\Home\c667a38f06df509a6f961cf62c4b88d0.php 第 6 行.
NOTIC: [8] Undefined variable: bodyId D:\xampp\htdocs\myblog\APP\Runtime\Cache\Home\c667a38f06df509a6f961cf62c4b88d0.php 第 82 行.
NOTIC: [8] Undefined variable: user D:\xampp\htdocs\myblog\APP\Runtime\Cache\Home\c667a38f06df509a6f961cf62c4b88d0.php 第 128 行.
INFO: ParseTemplate Behavior ::run [ RunTime:0.117006s ]
INFO: [ view_parse ] --END-- [ RunTime:0.117006s ]
INFO: [ view_filter ] --START--
INFO: ContentReplace Behavior ::run [ RunTime:0.002000s ]
INFO: TokenBuild Behavior ::run [ RunTime:0.002000s ]
INFO: WriteHtmlCache Behavior ::run [ RunTime:0.001001s ]
INFO: ShowRuntime Behavior ::run [ RunTime:0.001000s ]
INFO: [ view_filter ] --END-- [ RunTime:0.006001s ]
INFO: [ view_end ] --START--
INFO: ShowPageTrace Behavior ::run [ RunTime:0.003000s ]
INFO: [ view_end ] --END-- [ RunTime:0.004000s ]

[ 2014-02-21T16:27:51+08:00 ] 0.0.0.0 /myblog/index.php/Home/Book/book/id/9
INFO: [ route_check ] --START--
INFO: CheckRoute Behavior ::run [ RunTime:0.002001s ]
INFO: [ route_check ] --END-- [ RunTime:0.002001s ]
INFO: [ app_begin ] --START--
INFO: ReadHtmlCache Behavior ::run [ RunTime:0.001000s ]
INFO: [ app_begin ] --END-- [ RunTime:0.001000s ]
SQL: SHOW COLUMNS FROM `book` [ RunTime:0.005000s ]
SQL: SELECT * FROM `book` WHERE ( id=9 ) LIMIT 1   [ RunTime:0.001000s ]
SQL: SHOW COLUMNS FROM `comment` [ RunTime:0.004000s ]
SQL: SELECT * FROM `comment` WHERE ( union_id = '9' and category = 'book' )  [ RunTime:0.002000s ]
INFO: [ view_parse ] --START--
NOTIC: [8] Undefined variable: seo_description D:\xampp\htdocs\myblog\APP\Runtime\Cache\Home\ba07d7b6849ddafe1f23ce29ec0835b3.php 第 6 行.
NOTIC: [8] Undefined variable: bodyId D:\xampp\htdocs\myblog\APP\Runtime\Cache\Home\ba07d7b6849ddafe1f23ce29ec0835b3.php 第 71 行.
NOTIC: [8] Undefined variable: user D:\xampp\htdocs\myblog\APP\Runtime\Cache\Home\ba07d7b6849ddafe1f23ce29ec0835b3.php 第 117 行.
INFO: ParseTemplate Behavior ::run [ RunTime:0.043003s ]
INFO: [ view_parse ] --END-- [ RunTime:0.044003s ]
INFO: [ view_filter ] --START--
INFO: ContentReplace Behavior ::run [ RunTime:0.002000s ]
INFO: TokenBuild Behavior ::run [ RunTime:0.001000s ]
INFO: WriteHtmlCache Behavior ::run [ RunTime:0.002000s ]
INFO: ShowRuntime Behavior ::run [ RunTime:0.002000s ]
INFO: [ view_filter ] --END-- [ RunTime:0.007000s ]
INFO: [ view_end ] --START--
INFO: ShowPageTrace Behavior ::run [ RunTime:0.005000s ]
INFO: [ view_end ] --END-- [ RunTime:0.006000s ]

[ 2014-02-21T16:38:00+08:00 ] 0.0.0.0 /myblog/index.php/home/blog/index
INFO: [ route_check ] --START--
INFO: CheckRoute Behavior ::run [ RunTime:0.004000s ]
INFO: [ route_check ] --END-- [ RunTime:0.005000s ]
INFO: [ app_begin ] --START--
INFO: ReadHtmlCache Behavior ::run [ RunTime:0.001000s ]
INFO: [ app_begin ] --END-- [ RunTime:0.002000s ]
SQL: SHOW COLUMNS FROM `blog` [ RunTime:0.037002s ]
SQL: SELECT COUNT(*) AS tp_count FROM `blog` right join blog_cat ON blog.cat_id = blog_cat.id WHERE ( blog.cat_id = blog_cat.id ) ORDER BY cttime desc LIMIT 1   [ RunTime:0.001000s ]
SQL: SELECT blog.*,blog.id as blog_id,blog_cat.*,count(comm.id) AS comment FROM `blog` left join blog_cat ON blog.cat_id = blog_cat.id left join (select * from comment where category = 'blog') AS comm ON blog.id = comm.union_id WHERE ( blog.cat_id = blog_cat.id  ) GROUP BY blog.id ORDER BY blog.cttime desc LIMIT 0,5 [ RunTime:0.005000s ]
SQL: SHOW COLUMNS FROM `blog_cat` [ RunTime:0.004000s ]
SQL: SHOW COLUMNS FROM `blog` [ RunTime:0.005000s ]
SQL: select count(*),`blog_cat`.* from `blog_cat`,`blog` where `blog_cat`.`id` = `blog`.`cat_id` group by `category` [ RunTime:0.001000s ]
SQL: select * from `blog` group by `tag` [ RunTime:0.005001s ]
INFO: [ view_parse ] --START--
INFO: ParseTemplate Behavior ::run [ RunTime:0.042002s ]
INFO: [ view_parse ] --END-- [ RunTime:0.042002s ]
INFO: [ view_filter ] --START--
INFO: ContentReplace Behavior ::run [ RunTime:0.001000s ]
INFO: TokenBuild Behavior ::run [ RunTime:0.002000s ]
INFO: WriteHtmlCache Behavior ::run [ RunTime:0.001000s ]
INFO: ShowRuntime Behavior ::run [ RunTime:0.001000s ]
INFO: [ view_filter ] --END-- [ RunTime:0.005000s ]
INFO: [ view_end ] --START--
INFO: ShowPageTrace Behavior ::run [ RunTime:0.001001s ]
INFO: [ view_end ] --END-- [ RunTime:0.003001s ]

[ 2014-02-21T16:38:03+08:00 ] 0.0.0.0 /myblog/index.php/home/book/index
INFO: [ route_check ] --START--
INFO: CheckRoute Behavior ::run [ RunTime:0.001000s ]
INFO: [ route_check ] --END-- [ RunTime:0.002000s ]
INFO: [ app_begin ] --START--
INFO: ReadHtmlCache Behavior ::run [ RunTime:0.002000s ]
INFO: [ app_begin ] --END-- [ RunTime:0.003000s ]
SQL: SHOW COLUMNS FROM `book` [ RunTime:0.005001s ]
SQL: SELECT book_cat.category,book.* FROM `book` LEFT JOIN book_cat ON book_cat.id = book.cat_id  [ RunTime:0.001000s ]
INFO: [ view_parse ] --START--
NOTIC: [8] Undefined variable: seo_keywords D:\xampp\htdocs\myblog\APP\Runtime\Cache\Home\c667a38f06df509a6f961cf62c4b88d0.php 第 5 行.
NOTIC: [8] Undefined variable: seo_description D:\xampp\htdocs\myblog\APP\Runtime\Cache\Home\c667a38f06df509a6f961cf62c4b88d0.php 第 6 行.
NOTIC: [8] Undefined variable: bodyId D:\xampp\htdocs\myblog\APP\Runtime\Cache\Home\c667a38f06df509a6f961cf62c4b88d0.php 第 82 行.
NOTIC: [8] Undefined variable: user D:\xampp\htdocs\myblog\APP\Runtime\Cache\Home\c667a38f06df509a6f961cf62c4b88d0.php 第 128 行.
INFO: ParseTemplate Behavior ::run [ RunTime:0.030002s ]
INFO: [ view_parse ] --END-- [ RunTime:0.030002s ]
INFO: [ view_filter ] --START--
INFO: ContentReplace Behavior ::run [ RunTime:0.001000s ]
INFO: TokenBuild Behavior ::run [ RunTime:0.001000s ]
INFO: WriteHtmlCache Behavior ::run [ RunTime:0.001000s ]
INFO: ShowRuntime Behavior ::run [ RunTime:0.002000s ]
INFO: [ view_filter ] --END-- [ RunTime:0.007000s ]
INFO: [ view_end ] --START--
INFO: ShowPageTrace Behavior ::run [ RunTime:0.005000s ]
INFO: [ view_end ] --END-- [ RunTime:0.006000s ]

[ 2014-02-21T16:38:15+08:00 ] 0.0.0.0 /myblog/index.php/Home/Book/search
INFO: [ route_check ] --START--
INFO: CheckRoute Behavior ::run [ RunTime:0.002001s ]
INFO: [ route_check ] --END-- [ RunTime:0.003001s ]
INFO: [ app_begin ] --START--
INFO: ReadHtmlCache Behavior ::run [ RunTime:0.003000s ]
INFO: [ app_begin ] --END-- [ RunTime:0.004000s ]

[ 2014-02-21T16:38:42+08:00 ] 0.0.0.0 /myblog/index.php/home/book/index
INFO: [ route_check ] --START--
INFO: CheckRoute Behavior ::run [ RunTime:0.001000s ]
INFO: [ route_check ] --END-- [ RunTime:0.002000s ]
INFO: [ app_begin ] --START--
INFO: ReadHtmlCache Behavior ::run [ RunTime:0.001000s ]
INFO: [ app_begin ] --END-- [ RunTime:0.001000s ]
SQL: SHOW COLUMNS FROM `book` [ RunTime:0.005001s ]
SQL: SELECT book_cat.category,book.* FROM `book` LEFT JOIN book_cat ON book_cat.id = book.cat_id  [ RunTime:0.001000s ]
INFO: [ view_parse ] --START--
NOTIC: [8] Undefined variable: seo_keywords D:\xampp\htdocs\myblog\APP\Runtime\Cache\Home\c667a38f06df509a6f961cf62c4b88d0.php 第 5 行.
NOTIC: [8] Undefined variable: seo_description D:\xampp\htdocs\myblog\APP\Runtime\Cache\Home\c667a38f06df509a6f961cf62c4b88d0.php 第 6 行.
NOTIC: [8] Undefined variable: bodyId D:\xampp\htdocs\myblog\APP\Runtime\Cache\Home\c667a38f06df509a6f961cf62c4b88d0.php 第 82 行.
NOTIC: [8] Undefined variable: user D:\xampp\htdocs\myblog\APP\Runtime\Cache\Home\c667a38f06df509a6f961cf62c4b88d0.php 第 128 行.
INFO: ParseTemplate Behavior ::run [ RunTime:0.027001s ]
INFO: [ view_parse ] --END-- [ RunTime:0.027001s ]
INFO: [ view_filter ] --START--
INFO: ContentReplace Behavior ::run [ RunTime:0.001000s ]
INFO: TokenBuild Behavior ::run [ RunTime:0.002001s ]
INFO: WriteHtmlCache Behavior ::run [ RunTime:0.001000s ]
INFO: ShowRuntime Behavior ::run [ RunTime:0.001000s ]
INFO: [ view_filter ] --END-- [ RunTime:0.005001s ]
INFO: [ view_end ] --START--
INFO: ShowPageTrace Behavior ::run [ RunTime:0.004000s ]
INFO: [ view_end ] --END-- [ RunTime:0.004000s ]

[ 2014-02-21T16:38:49+08:00 ] 0.0.0.0 /myblog/index.php/Home/Book/search
INFO: [ route_check ] --START--
INFO: CheckRoute Behavior ::run [ RunTime:0.002000s ]
INFO: [ route_check ] --END-- [ RunTime:0.002000s ]
INFO: [ app_begin ] --START--
INFO: ReadHtmlCache Behavior ::run [ RunTime:0.002000s ]
INFO: [ app_begin ] --END-- [ RunTime:0.002000s ]

[ 2014-02-21T16:45:38+08:00 ] 0.0.0.0 /myblog/index.php/home/book/index
INFO: [ route_check ] --START--
INFO: CheckRoute Behavior ::run [ RunTime:0.002000s ]
INFO: [ route_check ] --END-- [ RunTime:0.004000s ]
INFO: [ app_begin ] --START--
INFO: ReadHtmlCache Behavior ::run [ RunTime:0.004000s ]
INFO: [ app_begin ] --END-- [ RunTime:0.006000s ]
SQL: SHOW COLUMNS FROM `book` [ RunTime:0.048003s ]
SQL: SELECT book_cat.category,book.* FROM `book` LEFT JOIN book_cat ON book_cat.id = book.cat_id  [ RunTime:0.001000s ]
INFO: [ view_parse ] --START--
NOTIC: [8] Undefined variable: seo_keywords D:\xampp\htdocs\myblog\APP\Runtime\Cache\Home\c667a38f06df509a6f961cf62c4b88d0.php 第 5 行.
NOTIC: [8] Undefined variable: seo_description D:\xampp\htdocs\myblog\APP\Runtime\Cache\Home\c667a38f06df509a6f961cf62c4b88d0.php 第 6 行.
NOTIC: [8] Undefined variable: bodyId D:\xampp\htdocs\myblog\APP\Runtime\Cache\Home\c667a38f06df509a6f961cf62c4b88d0.php 第 82 行.
NOTIC: [8] Undefined variable: user D:\xampp\htdocs\myblog\APP\Runtime\Cache\Home\c667a38f06df509a6f961cf62c4b88d0.php 第 128 行.
INFO: ParseTemplate Behavior ::run [ RunTime:0.031002s ]
INFO: [ view_parse ] --END-- [ RunTime:0.031002s ]
INFO: [ view_filter ] --START--
INFO: ContentReplace Behavior ::run [ RunTime:0.001000s ]
INFO: TokenBuild Behavior ::run [ RunTime:0.002000s ]
INFO: WriteHtmlCache Behavior ::run [ RunTime:0.001000s ]
INFO: ShowRuntime Behavior ::run [ RunTime:0.001000s ]
INFO: [ view_filter ] --END-- [ RunTime:0.008000s ]
INFO: [ view_end ] --START--
INFO: ShowPageTrace Behavior ::run [ RunTime:0.001000s ]
INFO: [ view_end ] --END-- [ RunTime:0.002000s ]

[ 2014-02-21T16:45:42+08:00 ] 0.0.0.0 /myblog/index.php/Home/Book/search
INFO: [ route_check ] --START--
INFO: CheckRoute Behavior ::run [ RunTime:0.003000s ]
INFO: [ route_check ] --END-- [ RunTime:0.003000s ]
INFO: [ app_begin ] --START--
INFO: ReadHtmlCache Behavior ::run [ RunTime:0.003000s ]
INFO: [ app_begin ] --END-- [ RunTime:0.003000s ]
SQL: SHOW COLUMNS FROM `book` [ RunTime:0.006000s ]
SQL: SELECT * FROM `book` WHERE ( `name` LIKE '%jquery%' )  [ RunTime:0.001001s ]

[ 2014-02-21T16:50:59+08:00 ] 0.0.0.0 /myblog/index.php/Home/Book/search
INFO: [ route_check ] --START--
INFO: CheckRoute Behavior ::run [ RunTime:0.002001s ]
INFO: [ route_check ] --END-- [ RunTime:0.002001s ]
INFO: [ app_begin ] --START--
INFO: ReadHtmlCache Behavior ::run [ RunTime:0.001000s ]
INFO: [ app_begin ] --END-- [ RunTime:0.002000s ]
SQL: SHOW COLUMNS FROM `book` [ RunTime:0.006001s ]
SQL: SELECT * FROM `book` WHERE ( `name` LIKE '%jquery%' )  [ RunTime:0.001000s ]
ERR: 模板不存在[./APP/Tpl/Home/Book/serach.html]

[ 2014-02-21T16:55:57+08:00 ] 0.0.0.0 /myblog/index.php/Home/Book/search
INFO: [ route_check ] --START--
INFO: CheckRoute Behavior ::run [ RunTime:0.002000s ]
INFO: [ route_check ] --END-- [ RunTime:0.003000s ]
INFO: [ app_begin ] --START--
INFO: ReadHtmlCache Behavior ::run [ RunTime:0.001000s ]
INFO: [ app_begin ] --END-- [ RunTime:0.001000s ]
SQL: SHOW COLUMNS FROM `book` [ RunTime:0.045002s ]
SQL: SELECT * FROM `book` WHERE ( `name` LIKE '%jquery%' )  [ RunTime:0.001000s ]
ERR: 模板不存在[./APP/Tpl/Home/Book/serach.html]

[ 2014-02-21T16:56:28+08:00 ] 0.0.0.0 /myblog/index.php/Home/Book/search
INFO: [ route_check ] --START--
INFO: CheckRoute Behavior ::run [ RunTime:0.002000s ]
INFO: [ route_check ] --END-- [ RunTime:0.002000s ]
INFO: [ app_begin ] --START--
INFO: ReadHtmlCache Behavior ::run [ RunTime:0.001000s ]
INFO: [ app_begin ] --END-- [ RunTime:0.001000s ]
SQL: SHOW COLUMNS FROM `book` [ RunTime:0.044002s ]
SQL: SELECT * FROM `book` WHERE ( `name` LIKE '%jquery%' )  [ RunTime:0.001000s ]
INFO: [ view_parse ] --START--

[ 2014-02-21T16:56:52+08:00 ] 0.0.0.0 /myblog/index.php/Home/Book/search
INFO: [ route_check ] --START--
INFO: CheckRoute Behavior ::run [ RunTime:0.002000s ]
INFO: [ route_check ] --END-- [ RunTime:0.003000s ]
INFO: [ app_begin ] --START--
INFO: ReadHtmlCache Behavior ::run [ RunTime:0.002000s ]
INFO: [ app_begin ] --END-- [ RunTime:0.003000s ]
SQL: SHOW COLUMNS FROM `book` [ RunTime:0.010000s ]
SQL: SELECT * FROM `book` WHERE ( `name` LIKE '%jquery%' )  [ RunTime:0.001000s ]
INFO: [ view_parse ] --START--

[ 2014-02-21T16:57:42+08:00 ] 0.0.0.0 /myblog/index.php/Home/Book/search
INFO: [ route_check ] --START--
INFO: CheckRoute Behavior ::run [ RunTime:0.001000s ]
INFO: [ route_check ] --END-- [ RunTime:0.002000s ]
INFO: [ app_begin ] --START--
INFO: ReadHtmlCache Behavior ::run [ RunTime:0.001000s ]
INFO: [ app_begin ] --END-- [ RunTime:0.002000s ]
SQL: SHOW COLUMNS FROM `book` [ RunTime:0.008001s ]
SQL: SELECT * FROM `book` WHERE ( `name` LIKE '%jquery%' )  [ RunTime:0.001000s ]
INFO: [ view_parse ] --START--
NOTIC: [8] Undefined variable: pageTitle D:\xampp\htdocs\myblog\APP\Runtime\Cache\Home\0c21858ee72c46e49f2af0cba322ac2c.php 第 4 行.
NOTIC: [8] Undefined variable: seo_keywords D:\xampp\htdocs\myblog\APP\Runtime\Cache\Home\0c21858ee72c46e49f2af0cba322ac2c.php 第 5 行.
NOTIC: [8] Undefined variable: seo_description D:\xampp\htdocs\myblog\APP\Runtime\Cache\Home\0c21858ee72c46e49f2af0cba322ac2c.php 第 6 行.
NOTIC: [8] Undefined variable: bodyId D:\xampp\htdocs\myblog\APP\Runtime\Cache\Home\0c21858ee72c46e49f2af0cba322ac2c.php 第 25 行.
NOTIC: [8] Undefined variable: user D:\xampp\htdocs\myblog\APP\Runtime\Cache\Home\0c21858ee72c46e49f2af0cba322ac2c.php 第 71 行.
INFO: ParseTemplate Behavior ::run [ RunTime:0.028002s ]
INFO: [ view_parse ] --END-- [ RunTime:0.028002s ]
INFO: [ view_filter ] --START--
INFO: ContentReplace Behavior ::run [ RunTime:0.002000s ]
INFO: TokenBuild Behavior ::run [ RunTime:0.002000s ]
INFO: WriteHtmlCache Behavior ::run [ RunTime:0.001000s ]
INFO: ShowRuntime Behavior ::run [ RunTime:0.002000s ]
INFO: [ view_filter ] --END-- [ RunTime:0.008000s ]
INFO: [ view_end ] --START--
INFO: ShowPageTrace Behavior ::run [ RunTime:0.002000s ]
INFO: [ view_end ] --END-- [ RunTime:0.002000s ]

[ 2014-02-21T16:57:58+08:00 ] 0.0.0.0 /myblog/index.php/home/book/index
INFO: [ route_check ] --START--
INFO: CheckRoute Behavior ::run [ RunTime:0.002000s ]
INFO: [ route_check ] --END-- [ RunTime:0.002000s ]
INFO: [ app_begin ] --START--
INFO: ReadHtmlCache Behavior ::run [ RunTime:0.002000s ]
INFO: [ app_begin ] --END-- [ RunTime:0.002000s ]
SQL: SHOW COLUMNS FROM `book` [ RunTime:0.004000s ]
SQL: SELECT book_cat.category,book.* FROM `book` LEFT JOIN book_cat ON book_cat.id = book.cat_id  [ RunTime:0.001000s ]
INFO: [ view_parse ] --START--
NOTIC: [8] Undefined variable: seo_keywords D:\xampp\htdocs\myblog\APP\Runtime\Cache\Home\c667a38f06df509a6f961cf62c4b88d0.php 第 5 行.
NOTIC: [8] Undefined variable: seo_description D:\xampp\htdocs\myblog\APP\Runtime\Cache\Home\c667a38f06df509a6f961cf62c4b88d0.php 第 6 行.
NOTIC: [8] Undefined variable: bodyId D:\xampp\htdocs\myblog\APP\Runtime\Cache\Home\c667a38f06df509a6f961cf62c4b88d0.php 第 82 行.
NOTIC: [8] Undefined variable: user D:\xampp\htdocs\myblog\APP\Runtime\Cache\Home\c667a38f06df509a6f961cf62c4b88d0.php 第 128 行.
INFO: ParseTemplate Behavior ::run [ RunTime:0.027002s ]
INFO: [ view_parse ] --END-- [ RunTime:0.027002s ]
INFO: [ view_filter ] --START--
INFO: ContentReplace Behavior ::run [ RunTime:0.002000s ]
INFO: TokenBuild Behavior ::run [ RunTime:0.001000s ]
INFO: WriteHtmlCache Behavior ::run [ RunTime:0.001000s ]
INFO: ShowRuntime Behavior ::run [ RunTime:0.002000s ]
INFO: [ view_filter ] --END-- [ RunTime:0.006000s ]
INFO: [ view_end ] --START--
INFO: ShowPageTrace Behavior ::run [ RunTime:0.002000s ]
INFO: [ view_end ] --END-- [ RunTime:0.002000s ]

[ 2014-02-21T17:01:06+08:00 ] 0.0.0.0 /myblog/index.php/home/book/index
INFO: [ route_check ] --START--
INFO: CheckRoute Behavior ::run [ RunTime:0.002000s ]
INFO: [ route_check ] --END-- [ RunTime:0.002000s ]
INFO: [ app_begin ] --START--
INFO: ReadHtmlCache Behavior ::run [ RunTime:0.001000s ]
INFO: [ app_begin ] --END-- [ RunTime:0.001000s ]
SQL: SHOW COLUMNS FROM `book` [ RunTime:0.005001s ]
SQL: SELECT book_cat.category,book.* FROM `book` LEFT JOIN book_cat ON book_cat.id = book.cat_id  [ RunTime:0.000000s ]
INFO: [ view_parse ] --START--
NOTIC: [8] Undefined variable: seo_keywords D:\xampp\htdocs\myblog\APP\Runtime\Cache\Home\c667a38f06df509a6f961cf62c4b88d0.php 第 5 行.
NOTIC: [8] Undefined variable: seo_description D:\xampp\htdocs\myblog\APP\Runtime\Cache\Home\c667a38f06df509a6f961cf62c4b88d0.php 第 6 行.
NOTIC: [8] Undefined variable: bodyId D:\xampp\htdocs\myblog\APP\Runtime\Cache\Home\c667a38f06df509a6f961cf62c4b88d0.php 第 82 行.
NOTIC: [8] Undefined variable: user D:\xampp\htdocs\myblog\APP\Runtime\Cache\Home\c667a38f06df509a6f961cf62c4b88d0.php 第 128 行.
INFO: ParseTemplate Behavior ::run [ RunTime:0.032002s ]
INFO: [ view_parse ] --END-- [ RunTime:0.032002s ]
INFO: [ view_filter ] --START--
INFO: ContentReplace Behavior ::run [ RunTime:0.002000s ]
INFO: TokenBuild Behavior ::run [ RunTime:0.001000s ]
INFO: WriteHtmlCache Behavior ::run [ RunTime:0.001000s ]
INFO: ShowRuntime Behavior ::run [ RunTime:0.002000s ]
INFO: [ view_filter ] --END-- [ RunTime:0.006000s ]
INFO: [ view_end ] --START--
INFO: ShowPageTrace Behavior ::run [ RunTime:0.001001s ]
INFO: [ view_end ] --END-- [ RunTime:0.002001s ]

[ 2014-02-21T17:01:10+08:00 ] 0.0.0.0 /myblog/index.php/Home/Book/book/id/9
INFO: [ route_check ] --START--
INFO: CheckRoute Behavior ::run [ RunTime:0.003000s ]
INFO: [ route_check ] --END-- [ RunTime:0.005000s ]
INFO: [ app_begin ] --START--
INFO: ReadHtmlCache Behavior ::run [ RunTime:0.002000s ]
INFO: [ app_begin ] --END-- [ RunTime:0.003000s ]
SQL: SHOW COLUMNS FROM `book` [ RunTime:0.005000s ]
SQL: SELECT * FROM `book` WHERE ( id=9 ) LIMIT 1   [ RunTime:0.002000s ]
SQL: SHOW COLUMNS FROM `comment` [ RunTime:0.004000s ]
SQL: SELECT * FROM `comment` WHERE ( union_id = '9' and category = 'book' )  [ RunTime:0.001001s ]
INFO: [ view_parse ] --START--
NOTIC: [8] Undefined variable: seo_description D:\xampp\htdocs\myblog\APP\Runtime\Cache\Home\ba07d7b6849ddafe1f23ce29ec0835b3.php 第 6 行.
NOTIC: [8] Undefined variable: bodyId D:\xampp\htdocs\myblog\APP\Runtime\Cache\Home\ba07d7b6849ddafe1f23ce29ec0835b3.php 第 71 行.
NOTIC: [8] Undefined variable: user D:\xampp\htdocs\myblog\APP\Runtime\Cache\Home\ba07d7b6849ddafe1f23ce29ec0835b3.php 第 117 行.
INFO: ParseTemplate Behavior ::run [ RunTime:0.031002s ]
INFO: [ view_parse ] --END-- [ RunTime:0.032002s ]
INFO: [ view_filter ] --START--
INFO: ContentReplace Behavior ::run [ RunTime:0.001000s ]
INFO: TokenBuild Behavior ::run [ RunTime:0.002000s ]
INFO: WriteHtmlCache Behavior ::run [ RunTime:0.001000s ]
INFO: ShowRuntime Behavior ::run [ RunTime:0.001000s ]
INFO: [ view_filter ] --END-- [ RunTime:0.005000s ]
INFO: [ view_end ] --START--
INFO: ShowPageTrace Behavior ::run [ RunTime:0.002000s ]
INFO: [ view_end ] --END-- [ RunTime:0.002000s ]

[ 2014-02-21T17:01:16+08:00 ] 0.0.0.0 /myblog/index.php/Home/Book/book/id/9
INFO: [ route_check ] --START--
INFO: CheckRoute Behavior ::run [ RunTime:0.002000s ]
INFO: [ route_check ] --END-- [ RunTime:0.003000s ]
INFO: [ app_begin ] --START--
INFO: ReadHtmlCache Behavior ::run [ RunTime:0.001000s ]
INFO: [ app_begin ] --END-- [ RunTime:0.002000s ]
SQL: SHOW COLUMNS FROM `book` [ RunTime:0.006000s ]
SQL: SELECT * FROM `book` WHERE ( id=9 ) LIMIT 1   [ RunTime:0.001000s ]
SQL: SHOW COLUMNS FROM `comment` [ RunTime:0.004001s ]
SQL: SELECT * FROM `comment` WHERE ( union_id = '9' and category = 'book' )  [ RunTime:0.001000s ]
INFO: [ view_parse ] --START--
NOTIC: [8] Undefined variable: seo_description D:\xampp\htdocs\myblog\APP\Runtime\Cache\Home\ba07d7b6849ddafe1f23ce29ec0835b3.php 第 6 行.
NOTIC: [8] Undefined variable: bodyId D:\xampp\htdocs\myblog\APP\Runtime\Cache\Home\ba07d7b6849ddafe1f23ce29ec0835b3.php 第 71 行.
NOTIC: [8] Undefined variable: user D:\xampp\htdocs\myblog\APP\Runtime\Cache\Home\ba07d7b6849ddafe1f23ce29ec0835b3.php 第 117 行.
INFO: ParseTemplate Behavior ::run [ RunTime:0.035002s ]
INFO: [ view_parse ] --END-- [ RunTime:0.035002s ]
INFO: [ view_filter ] --START--
INFO: ContentReplace Behavior ::run [ RunTime:0.001000s ]
INFO: TokenBuild Behavior ::run [ RunTime:0.001000s ]
INFO: WriteHtmlCache Behavior ::run [ RunTime:0.001000s ]
INFO: ShowRuntime Behavior ::run [ RunTime:0.001000s ]
INFO: [ view_filter ] --END-- [ RunTime:0.005000s ]
INFO: [ view_end ] --START--
INFO: ShowPageTrace Behavior ::run [ RunTime:0.002000s ]
INFO: [ view_end ] --END-- [ RunTime:0.002000s ]

[ 2014-02-21T17:01:20+08:00 ] 0.0.0.0 /myblog/index.php/home/blog/index
INFO: [ route_check ] --START--
INFO: CheckRoute Behavior ::run [ RunTime:0.002000s ]
INFO: [ route_check ] --END-- [ RunTime:0.002000s ]
INFO: [ app_begin ] --START--
INFO: ReadHtmlCache Behavior ::run [ RunTime:0.002000s ]
INFO: [ app_begin ] --END-- [ RunTime:0.002000s ]
SQL: SHOW COLUMNS FROM `blog` [ RunTime:0.006000s ]
SQL: SELECT COUNT(*) AS tp_count FROM `blog` right join blog_cat ON blog.cat_id = blog_cat.id WHERE ( blog.cat_id = blog_cat.id ) ORDER BY cttime desc LIMIT 1   [ RunTime:0.002000s ]
SQL: SELECT blog.*,blog.id as blog_id,blog_cat.*,count(comm.id) AS comment FROM `blog` left join blog_cat ON blog.cat_id = blog_cat.id left join (select * from comment where category = 'blog') AS comm ON blog.id = comm.union_id WHERE ( blog.cat_id = blog_cat.id  ) GROUP BY blog.id ORDER BY blog.cttime desc LIMIT 0,5 [ RunTime:0.004000s ]
SQL: SHOW COLUMNS FROM `blog_cat` [ RunTime:0.004000s ]
SQL: SHOW COLUMNS FROM `blog` [ RunTime:0.005001s ]
SQL: select count(*),`blog_cat`.* from `blog_cat`,`blog` where `blog_cat`.`id` = `blog`.`cat_id` group by `category` [ RunTime:0.001000s ]
SQL: select * from `blog` group by `tag` [ RunTime:0.004000s ]
INFO: [ view_parse ] --START--
INFO: ParseTemplate Behavior ::run [ RunTime:0.039002s ]
INFO: [ view_parse ] --END-- [ RunTime:0.039002s ]
INFO: [ view_filter ] --START--
INFO: ContentReplace Behavior ::run [ RunTime:0.002000s ]
INFO: TokenBuild Behavior ::run [ RunTime:0.001001s ]
INFO: WriteHtmlCache Behavior ::run [ RunTime:0.000000s ]
INFO: ShowRuntime Behavior ::run [ RunTime:0.001000s ]
INFO: [ view_filter ] --END-- [ RunTime:0.006001s ]
INFO: [ view_end ] --START--
INFO: ShowPageTrace Behavior ::run [ RunTime:0.001000s ]
INFO: [ view_end ] --END-- [ RunTime:0.002000s ]

[ 2014-02-21T17:01:23+08:00 ] 0.0.0.0 /myblog/index.php/home/book/index
INFO: [ route_check ] --START--
INFO: CheckRoute Behavior ::run [ RunTime:0.002000s ]
INFO: [ route_check ] --END-- [ RunTime:0.003000s ]
INFO: [ app_begin ] --START--
INFO: ReadHtmlCache Behavior ::run [ RunTime:0.003000s ]
INFO: [ app_begin ] --END-- [ RunTime:0.003000s ]
SQL: SHOW COLUMNS FROM `book` [ RunTime:0.006000s ]
SQL: SELECT book_cat.category,book.* FROM `book` LEFT JOIN book_cat ON book_cat.id = book.cat_id  [ RunTime:0.002000s ]
INFO: [ view_parse ] --START--
NOTIC: [8] Undefined variable: seo_keywords D:\xampp\htdocs\myblog\APP\Runtime\Cache\Home\c667a38f06df509a6f961cf62c4b88d0.php 第 5 行.
NOTIC: [8] Undefined variable: seo_description D:\xampp\htdocs\myblog\APP\Runtime\Cache\Home\c667a38f06df509a6f961cf62c4b88d0.php 第 6 行.
NOTIC: [8] Undefined variable: bodyId D:\xampp\htdocs\myblog\APP\Runtime\Cache\Home\c667a38f06df509a6f961cf62c4b88d0.php 第 82 行.
NOTIC: [8] Undefined variable: user D:\xampp\htdocs\myblog\APP\Runtime\Cache\Home\c667a38f06df509a6f961cf62c4b88d0.php 第 128 行.
INFO: ParseTemplate Behavior ::run [ RunTime:0.038003s ]
INFO: [ view_parse ] --END-- [ RunTime:0.039003s ]
INFO: [ view_filter ] --START--
INFO: ContentReplace Behavior ::run [ RunTime:0.002000s ]
INFO: TokenBuild Behavior ::run [ RunTime:0.001000s ]
INFO: WriteHtmlCache Behavior ::run [ RunTime:0.002000s ]
INFO: ShowRuntime Behavior ::run [ RunTime:0.002000s ]
INFO: [ view_filter ] --END-- [ RunTime:0.008000s ]
INFO: [ view_end ] --START--
INFO: ShowPageTrace Behavior ::run [ RunTime:0.003000s ]
INFO: [ view_end ] --END-- [ RunTime:0.003000s ]

[ 2014-02-21T17:01:29+08:00 ] 0.0.0.0 /myblog/index.php/Home/Book/search
INFO: [ route_check ] --START--
INFO: CheckRoute Behavior ::run [ RunTime:0.002000s ]
INFO: [ route_check ] --END-- [ RunTime:0.002000s ]
INFO: [ app_begin ] --START--
INFO: ReadHtmlCache Behavior ::run [ RunTime:0.002000s ]
INFO: [ app_begin ] --END-- [ RunTime:0.002000s ]
SQL: SHOW COLUMNS FROM `book` [ RunTime:0.006001s ]
SQL: SELECT * FROM `book` WHERE ( `name` LIKE '%jquery%' )  [ RunTime:0.001000s ]
INFO: [ view_parse ] --START--
NOTIC: [8] Undefined variable: pageTitle D:\xampp\htdocs\myblog\APP\Runtime\Cache\Home\0c21858ee72c46e49f2af0cba322ac2c.php 第 4 行.
NOTIC: [8] Undefined variable: seo_keywords D:\xampp\htdocs\myblog\APP\Runtime\Cache\Home\0c21858ee72c46e49f2af0cba322ac2c.php 第 5 行.
NOTIC: [8] Undefined variable: seo_description D:\xampp\htdocs\myblog\APP\Runtime\Cache\Home\0c21858ee72c46e49f2af0cba322ac2c.php 第 6 行.
NOTIC: [8] Undefined variable: bodyId D:\xampp\htdocs\myblog\APP\Runtime\Cache\Home\0c21858ee72c46e49f2af0cba322ac2c.php 第 25 行.
NOTIC: [8] Undefined variable: user D:\xampp\htdocs\myblog\APP\Runtime\Cache\Home\0c21858ee72c46e49f2af0cba322ac2c.php 第 71 行.
INFO: ParseTemplate Behavior ::run [ RunTime:0.026001s ]
INFO: [ view_parse ] --END-- [ RunTime:0.027001s ]
INFO: [ view_filter ] --START--
INFO: ContentReplace Behavior ::run [ RunTime:0.001000s ]
INFO: TokenBuild Behavior ::run [ RunTime:0.002001s ]
INFO: WriteHtmlCache Behavior ::run [ RunTime:0.001000s ]
INFO: ShowRuntime Behavior ::run [ RunTime:0.001000s ]
INFO: [ view_filter ] --END-- [ RunTime:0.006001s ]
INFO: [ view_end ] --START--
INFO: ShowPageTrace Behavior ::run [ RunTime:0.001000s ]
INFO: [ view_end ] --END-- [ RunTime:0.002000s ]

[ 2014-02-21T17:03:08+08:00 ] 0.0.0.0 /myblog/index.php/Home/Book/search
INFO: [ route_check ] --START--
INFO: CheckRoute Behavior ::run [ RunTime:0.002000s ]
INFO: [ route_check ] --END-- [ RunTime:0.002000s ]
INFO: [ app_begin ] --START--
INFO: ReadHtmlCache Behavior ::run [ RunTime:0.001000s ]
INFO: [ app_begin ] --END-- [ RunTime:0.001000s ]
SQL: SHOW COLUMNS FROM `book` [ RunTime:0.046003s ]
SQL: SELECT * FROM `book` WHERE ( `name` LIKE '%jquery%' )  [ RunTime:0.001000s ]
INFO: [ view_parse ] --START--
NOTIC: [8] Undefined variable: pageTitle D:\xampp\htdocs\myblog\APP\Runtime\Cache\Home\0c21858ee72c46e49f2af0cba322ac2c.php 第 4 行.
NOTIC: [8] Undefined variable: seo_keywords D:\xampp\htdocs\myblog\APP\Runtime\Cache\Home\0c21858ee72c46e49f2af0cba322ac2c.php 第 5 行.
NOTIC: [8] Undefined variable: seo_description D:\xampp\htdocs\myblog\APP\Runtime\Cache\Home\0c21858ee72c46e49f2af0cba322ac2c.php 第 6 行.
NOTIC: [8] Undefined variable: bodyId D:\xampp\htdocs\myblog\APP\Runtime\Cache\Home\0c21858ee72c46e49f2af0cba322ac2c.php 第 25 行.
NOTIC: [8] Undefined variable: user D:\xampp\htdocs\myblog\APP\Runtime\Cache\Home\0c21858ee72c46e49f2af0cba322ac2c.php 第 71 行.
INFO: ParseTemplate Behavior ::run [ RunTime:0.024001s ]
INFO: [ view_parse ] --END-- [ RunTime:0.025001s ]
INFO: [ view_filter ] --START--
INFO: ContentReplace Behavior ::run [ RunTime:0.001000s ]
INFO: TokenBuild Behavior ::run [ RunTime:0.001000s ]
INFO: WriteHtmlCache Behavior ::run [ RunTime:0.001001s ]
INFO: ShowRuntime Behavior ::run [ RunTime:0.002000s ]
INFO: [ view_filter ] --END-- [ RunTime:0.006001s ]
INFO: [ view_end ] --START--
INFO: ShowPageTrace Behavior ::run [ RunTime:0.001000s ]
INFO: [ view_end ] --END-- [ RunTime:0.002000s ]

[ 2014-02-21T17:03:13+08:00 ] 0.0.0.0 /myblog/index.php/home/blog/index
INFO: [ route_check ] --START--
INFO: CheckRoute Behavior ::run [ RunTime:0.002000s ]
INFO: [ route_check ] --END-- [ RunTime:0.003000s ]
INFO: [ app_begin ] --START--
INFO: ReadHtmlCache Behavior ::run [ RunTime:0.003000s ]
INFO: [ app_begin ] --END-- [ RunTime:0.010000s ]
SQL: SHOW COLUMNS FROM `blog` [ RunTime:0.004000s ]
SQL: SELECT COUNT(*) AS tp_count FROM `blog` right join blog_cat ON blog.cat_id = blog_cat.id WHERE ( blog.cat_id = blog_cat.id ) ORDER BY cttime desc LIMIT 1   [ RunTime:0.001000s ]
SQL: SELECT blog.*,blog.id as blog_id,blog_cat.*,count(comm.id) AS comment FROM `blog` left join blog_cat ON blog.cat_id = blog_cat.id left join (select * from comment where category = 'blog') AS comm ON blog.id = comm.union_id WHERE ( blog.cat_id = blog_cat.id  ) GROUP BY blog.id ORDER BY blog.cttime desc LIMIT 0,5 [ RunTime:0.006000s ]
SQL: SHOW COLUMNS FROM `blog_cat` [ RunTime:0.004000s ]
SQL: SHOW COLUMNS FROM `blog` [ RunTime:0.009001s ]
SQL: select count(*),`blog_cat`.* from `blog_cat`,`blog` where `blog_cat`.`id` = `blog`.`cat_id` group by `category` [ RunTime:0.001000s ]
SQL: select * from `blog` group by `tag` [ RunTime:0.005000s ]
INFO: [ view_parse ] --START--
INFO: ParseTemplate Behavior ::run [ RunTime:0.036003s ]
INFO: [ view_parse ] --END-- [ RunTime:0.038003s ]
INFO: [ view_filter ] --START--
INFO: ContentReplace Behavior ::run [ RunTime:0.001000s ]
INFO: TokenBuild Behavior ::run [ RunTime:0.001000s ]
INFO: WriteHtmlCache Behavior ::run [ RunTime:0.000000s ]
INFO: ShowRuntime Behavior ::run [ RunTime:0.002000s ]
INFO: [ view_filter ] --END-- [ RunTime:0.006000s ]
INFO: [ view_end ] --START--
INFO: ShowPageTrace Behavior ::run [ RunTime:0.003000s ]
INFO: [ view_end ] --END-- [ RunTime:0.003000s ]

[ 2014-02-21T17:03:16+08:00 ] 0.0.0.0 /myblog/index.php/home/book/index
INFO: [ route_check ] --START--
INFO: CheckRoute Behavior ::run [ RunTime:0.006001s ]
INFO: [ route_check ] --END-- [ RunTime:0.007001s ]
INFO: [ app_begin ] --START--
INFO: ReadHtmlCache Behavior ::run [ RunTime:0.004000s ]
INFO: [ app_begin ] --END-- [ RunTime:0.004000s ]
SQL: SHOW COLUMNS FROM `book` [ RunTime:0.005000s ]
SQL: SELECT book_cat.category,book.* FROM `book` LEFT JOIN book_cat ON book_cat.id = book.cat_id  [ RunTime:0.002001s ]
INFO: [ view_parse ] --START--
NOTIC: [8] Undefined variable: seo_keywords D:\xampp\htdocs\myblog\APP\Runtime\Cache\Home\c667a38f06df509a6f961cf62c4b88d0.php 第 5 行.
NOTIC: [8] Undefined variable: seo_description D:\xampp\htdocs\myblog\APP\Runtime\Cache\Home\c667a38f06df509a6f961cf62c4b88d0.php 第 6 行.
NOTIC: [8] Undefined variable: bodyId D:\xampp\htdocs\myblog\APP\Runtime\Cache\Home\c667a38f06df509a6f961cf62c4b88d0.php 第 82 行.
NOTIC: [8] Undefined variable: user D:\xampp\htdocs\myblog\APP\Runtime\Cache\Home\c667a38f06df509a6f961cf62c4b88d0.php 第 128 行.
INFO: ParseTemplate Behavior ::run [ RunTime:0.029001s ]
INFO: [ view_parse ] --END-- [ RunTime:0.030001s ]
INFO: [ view_filter ] --START--
INFO: ContentReplace Behavior ::run [ RunTime:0.001000s ]
INFO: TokenBuild Behavior ::run [ RunTime:0.001001s ]
INFO: WriteHtmlCache Behavior ::run [ RunTime:0.000000s ]
INFO: ShowRuntime Behavior ::run [ RunTime:0.002000s ]
INFO: [ view_filter ] --END-- [ RunTime:0.005001s ]
INFO: [ view_end ] --START--
INFO: ShowPageTrace Behavior ::run [ RunTime:0.003000s ]
INFO: [ view_end ] --END-- [ RunTime:0.004000s ]

[ 2014-02-21T17:03:23+08:00 ] 0.0.0.0 /myblog/index.php/Home/Book/search
INFO: [ route_check ] --START--
INFO: CheckRoute Behavior ::run [ RunTime:0.002000s ]
INFO: [ route_check ] --END-- [ RunTime:0.002000s ]
INFO: [ app_begin ] --START--
INFO: ReadHtmlCache Behavior ::run [ RunTime:0.002000s ]
INFO: [ app_begin ] --END-- [ RunTime:0.002000s ]
SQL: SHOW COLUMNS FROM `book` [ RunTime:0.005001s ]
SQL: SELECT * FROM `book` WHERE ( `name` LIKE '%用户%' )  [ RunTime:0.003000s ]
INFO: [ view_parse ] --START--
NOTIC: [8] Undefined variable: pageTitle D:\xampp\htdocs\myblog\APP\Runtime\Cache\Home\0c21858ee72c46e49f2af0cba322ac2c.php 第 4 行.
NOTIC: [8] Undefined variable: seo_keywords D:\xampp\htdocs\myblog\APP\Runtime\Cache\Home\0c21858ee72c46e49f2af0cba322ac2c.php 第 5 行.
NOTIC: [8] Undefined variable: seo_description D:\xampp\htdocs\myblog\APP\Runtime\Cache\Home\0c21858ee72c46e49f2af0cba322ac2c.php 第 6 行.
NOTIC: [8] Undefined variable: bodyId D:\xampp\htdocs\myblog\APP\Runtime\Cache\Home\0c21858ee72c46e49f2af0cba322ac2c.php 第 25 行.
NOTIC: [8] Undefined variable: user D:\xampp\htdocs\myblog\APP\Runtime\Cache\Home\0c21858ee72c46e49f2af0cba322ac2c.php 第 71 行.
INFO: ParseTemplate Behavior ::run [ RunTime:0.030002s ]
INFO: [ view_parse ] --END-- [ RunTime:0.030002s ]
INFO: [ view_filter ] --START--
INFO: ContentReplace Behavior ::run [ RunTime:0.003000s ]
INFO: TokenBuild Behavior ::run [ RunTime:0.001000s ]
INFO: WriteHtmlCache Behavior ::run [ RunTime:0.001000s ]
INFO: ShowRuntime Behavior ::run [ RunTime:0.002000s ]
INFO: [ view_filter ] --END-- [ RunTime:0.007000s ]
INFO: [ view_end ] --START--
INFO: ShowPageTrace Behavior ::run [ RunTime:0.002000s ]
INFO: [ view_end ] --END-- [ RunTime:0.003000s ]

[ 2014-02-21T17:30:43+08:00 ] 0.0.0.0 /myblog/index.php/Home/Book/search
INFO: [ route_check ] --START--
INFO: CheckRoute Behavior ::run [ RunTime:0.001000s ]
INFO: [ route_check ] --END-- [ RunTime:0.002000s ]
INFO: [ app_begin ] --START--
INFO: ReadHtmlCache Behavior ::run [ RunTime:0.002000s ]
INFO: [ app_begin ] --END-- [ RunTime:0.002000s ]
SQL: SHOW COLUMNS FROM `book` [ RunTime:0.029002s ]
SQL: SELECT * FROM `book` WHERE ( `name` LIKE '%用户%' )  [ RunTime:0.002000s ]
INFO: [ view_parse ] --START--
NOTIC: [8] Undefined variable: pageTitle D:\xampp\htdocs\myblog\APP\Runtime\Cache\Home\0c21858ee72c46e49f2af0cba322ac2c.php 第 4 行.
NOTIC: [8] Undefined variable: seo_keywords D:\xampp\htdocs\myblog\APP\Runtime\Cache\Home\0c21858ee72c46e49f2af0cba322ac2c.php 第 5 行.
NOTIC: [8] Undefined variable: seo_description D:\xampp\htdocs\myblog\APP\Runtime\Cache\Home\0c21858ee72c46e49f2af0cba322ac2c.php 第 6 行.
NOTIC: [8] Undefined variable: bodyId D:\xampp\htdocs\myblog\APP\Runtime\Cache\Home\0c21858ee72c46e49f2af0cba322ac2c.php 第 25 行.
NOTIC: [8] Undefined variable: user D:\xampp\htdocs\myblog\APP\Runtime\Cache\Home\0c21858ee72c46e49f2af0cba322ac2c.php 第 71 行.
INFO: ParseTemplate Behavior ::run [ RunTime:0.028002s ]
INFO: [ view_parse ] --END-- [ RunTime:0.028002s ]
INFO: [ view_filter ] --START--
INFO: ContentReplace Behavior ::run [ RunTime:0.001000s ]
INFO: TokenBuild Behavior ::run [ RunTime:0.001000s ]
INFO: WriteHtmlCache Behavior ::run [ RunTime:0.001000s ]
INFO: ShowRuntime Behavior ::run [ RunTime:0.002000s ]
INFO: [ view_filter ] --END-- [ RunTime:0.006000s ]
INFO: [ view_end ] --START--
INFO: ShowPageTrace Behavior ::run [ RunTime:0.002000s ]
INFO: [ view_end ] --END-- [ RunTime:0.002000s ]

[ 2014-02-21T17:31:39+08:00 ] 0.0.0.0 /myblog/index.php/Home/Book/search
INFO: [ route_check ] --START--
INFO: CheckRoute Behavior ::run [ RunTime:0.003000s ]
INFO: [ route_check ] --END-- [ RunTime:0.004000s ]
INFO: [ app_begin ] --START--
INFO: ReadHtmlCache Behavior ::run [ RunTime:0.001000s ]
INFO: [ app_begin ] --END-- [ RunTime:0.002000s ]
SQL: SHOW COLUMNS FROM `book` [ RunTime:0.009001s ]
SQL: SELECT * FROM `book` WHERE ( `name` LIKE '%用户%' )  [ RunTime:0.001000s ]
INFO: [ view_parse ] --START--
NOTIC: [8] Undefined variable: pageTitle D:\xampp\htdocs\myblog\APP\Runtime\Cache\Home\0c21858ee72c46e49f2af0cba322ac2c.php 第 4 行.
NOTIC: [8] Undefined variable: seo_keywords D:\xampp\htdocs\myblog\APP\Runtime\Cache\Home\0c21858ee72c46e49f2af0cba322ac2c.php 第 5 行.
NOTIC: [8] Undefined variable: seo_description D:\xampp\htdocs\myblog\APP\Runtime\Cache\Home\0c21858ee72c46e49f2af0cba322ac2c.php 第 6 行.
NOTIC: [8] Undefined variable: bodyId D:\xampp\htdocs\myblog\APP\Runtime\Cache\Home\0c21858ee72c46e49f2af0cba322ac2c.php 第 25 行.
NOTIC: [8] Undefined variable: user D:\xampp\htdocs\myblog\APP\Runtime\Cache\Home\0c21858ee72c46e49f2af0cba322ac2c.php 第 71 行.
INFO: ParseTemplate Behavior ::run [ RunTime:0.025001s ]
INFO: [ view_parse ] --END-- [ RunTime:0.025001s ]
INFO: [ view_filter ] --START--
INFO: ContentReplace Behavior ::run [ RunTime:0.001001s ]
INFO: TokenBuild Behavior ::run [ RunTime:0.002000s ]
INFO: WriteHtmlCache Behavior ::run [ RunTime:0.001000s ]
INFO: ShowRuntime Behavior ::run [ RunTime:0.001000s ]
INFO: [ view_filter ] --END-- [ RunTime:0.006001s ]
INFO: [ view_end ] --START--
INFO: ShowPageTrace Behavior ::run [ RunTime:0.002000s ]
INFO: [ view_end ] --END-- [ RunTime:0.002000s ]

[ 2014-02-21T17:32:42+08:00 ] 0.0.0.0 /myblog/index.php/home/blog/index
INFO: [ route_check ] --START--
INFO: CheckRoute Behavior ::run [ RunTime:0.003000s ]
INFO: [ route_check ] --END-- [ RunTime:0.003000s ]
INFO: [ app_begin ] --START--
INFO: ReadHtmlCache Behavior ::run [ RunTime:0.002000s ]
INFO: [ app_begin ] --END-- [ RunTime:0.002000s ]
SQL: SHOW COLUMNS FROM `blog` [ RunTime:0.006000s ]
SQL: SELECT COUNT(*) AS tp_count FROM `blog` right join blog_cat ON blog.cat_id = blog_cat.id WHERE ( blog.cat_id = blog_cat.id ) ORDER BY cttime desc LIMIT 1   [ RunTime:0.001000s ]
SQL: SELECT blog.*,blog.id as blog_id,blog_cat.*,count(comm.id) AS comment FROM `blog` left join blog_cat ON blog.cat_id = blog_cat.id left join (select * from comment where category = 'blog') AS comm ON blog.id = comm.union_id WHERE ( blog.cat_id = blog_cat.id  ) GROUP BY blog.id ORDER BY blog.cttime desc LIMIT 0,5 [ RunTime:0.009000s ]
SQL: SHOW COLUMNS FROM `blog_cat` [ RunTime:0.004001s ]
SQL: SHOW COLUMNS FROM `blog` [ RunTime:0.004000s ]
SQL: select count(*),`blog_cat`.* from `blog_cat`,`blog` where `blog_cat`.`id` = `blog`.`cat_id` group by `category` [ RunTime:0.001000s ]
SQL: select * from `blog` group by `tag` [ RunTime:0.005000s ]
INFO: [ view_parse ] --START--
INFO: ParseTemplate Behavior ::run [ RunTime:0.034002s ]
INFO: [ view_parse ] --END-- [ RunTime:0.034002s ]
INFO: [ view_filter ] --START--
INFO: ContentReplace Behavior ::run [ RunTime:0.001001s ]
INFO: TokenBuild Behavior ::run [ RunTime:0.001000s ]
INFO: WriteHtmlCache Behavior ::run [ RunTime:0.001000s ]
INFO: ShowRuntime Behavior ::run [ RunTime:0.001000s ]
INFO: [ view_filter ] --END-- [ RunTime:0.005001s ]
INFO: [ view_end ] --START--
INFO: ShowPageTrace Behavior ::run [ RunTime:0.002000s ]
INFO: [ view_end ] --END-- [ RunTime:0.004000s ]

[ 2014-02-21T17:34:16+08:00 ] 0.0.0.0 /myblog/index.php/home/book/index
INFO: [ route_check ] --START--
INFO: CheckRoute Behavior ::run [ RunTime:0.003000s ]
INFO: [ route_check ] --END-- [ RunTime:0.003000s ]
INFO: [ app_begin ] --START--
INFO: ReadHtmlCache Behavior ::run [ RunTime:0.001000s ]
INFO: [ app_begin ] --END-- [ RunTime:0.001000s ]
SQL: SHOW COLUMNS FROM `book` [ RunTime:0.041002s ]
SQL: SELECT book_cat.category,book.* FROM `book` LEFT JOIN book_cat ON book_cat.id = book.cat_id  [ RunTime:0.002000s ]
INFO: [ view_parse ] --START--
NOTIC: [8] Undefined variable: seo_keywords D:\xampp\htdocs\myblog\APP\Runtime\Cache\Home\c667a38f06df509a6f961cf62c4b88d0.php 第 5 行.
NOTIC: [8] Undefined variable: seo_description D:\xampp\htdocs\myblog\APP\Runtime\Cache\Home\c667a38f06df509a6f961cf62c4b88d0.php 第 6 行.
NOTIC: [8] Undefined variable: bodyId D:\xampp\htdocs\myblog\APP\Runtime\Cache\Home\c667a38f06df509a6f961cf62c4b88d0.php 第 82 行.
NOTIC: [8] Undefined variable: user D:\xampp\htdocs\myblog\APP\Runtime\Cache\Home\c667a38f06df509a6f961cf62c4b88d0.php 第 128 行.
INFO: ParseTemplate Behavior ::run [ RunTime:0.043002s ]
INFO: [ view_parse ] --END-- [ RunTime:0.043002s ]
INFO: [ view_filter ] --START--
INFO: ContentReplace Behavior ::run [ RunTime:0.002000s ]
INFO: TokenBuild Behavior ::run [ RunTime:0.004001s ]
INFO: WriteHtmlCache Behavior ::run [ RunTime:0.001000s ]
INFO: ShowRuntime Behavior ::run [ RunTime:0.002000s ]
INFO: [ view_filter ] --END-- [ RunTime:0.011001s ]
INFO: [ view_end ] --START--
INFO: ShowPageTrace Behavior ::run [ RunTime:0.001000s ]
INFO: [ view_end ] --END-- [ RunTime:0.002000s ]

[ 2014-02-21T17:34:24+08:00 ] 0.0.0.0 /myblog/index.php/Home/Book/search
INFO: [ route_check ] --START--
INFO: CheckRoute Behavior ::run [ RunTime:0.001000s ]
INFO: [ route_check ] --END-- [ RunTime:0.002000s ]
INFO: [ app_begin ] --START--
INFO: ReadHtmlCache Behavior ::run [ RunTime:0.002000s ]
INFO: [ app_begin ] --END-- [ RunTime:0.002000s ]
SQL: SHOW COLUMNS FROM `book` [ RunTime:0.004000s ]
SQL: SELECT * FROM `book` WHERE ( `name` LIKE '%学习指南%' )  [ RunTime:0.001000s ]
INFO: [ view_parse ] --START--
NOTIC: [8] Undefined variable: pageTitle D:\xampp\htdocs\myblog\APP\Runtime\Cache\Home\0c21858ee72c46e49f2af0cba322ac2c.php 第 4 行.
NOTIC: [8] Undefined variable: seo_keywords D:\xampp\htdocs\myblog\APP\Runtime\Cache\Home\0c21858ee72c46e49f2af0cba322ac2c.php 第 5 行.
NOTIC: [8] Undefined variable: seo_description D:\xampp\htdocs\myblog\APP\Runtime\Cache\Home\0c21858ee72c46e49f2af0cba322ac2c.php 第 6 行.
NOTIC: [8] Undefined variable: bodyId D:\xampp\htdocs\myblog\APP\Runtime\Cache\Home\0c21858ee72c46e49f2af0cba322ac2c.php 第 25 行.
NOTIC: [8] Undefined variable: user D:\xampp\htdocs\myblog\APP\Runtime\Cache\Home\0c21858ee72c46e49f2af0cba322ac2c.php 第 71 行.
INFO: ParseTemplate Behavior ::run [ RunTime:0.023001s ]
INFO: [ view_parse ] --END-- [ RunTime:0.023001s ]
INFO: [ view_filter ] --START--
INFO: ContentReplace Behavior ::run [ RunTime:0.001001s ]
INFO: TokenBuild Behavior ::run [ RunTime:0.001000s ]
INFO: WriteHtmlCache Behavior ::run [ RunTime:0.001000s ]
INFO: ShowRuntime Behavior ::run [ RunTime:0.002000s ]
INFO: [ view_filter ] --END-- [ RunTime:0.005001s ]
INFO: [ view_end ] --START--
INFO: ShowPageTrace Behavior ::run [ RunTime:0.002000s ]
INFO: [ view_end ] --END-- [ RunTime:0.002000s ]

[ 2014-02-21T17:38:52+08:00 ] 0.0.0.0 /myblog/index.php/Home/Book/search
INFO: [ route_check ] --START--
INFO: CheckRoute Behavior ::run [ RunTime:0.001000s ]
INFO: [ route_check ] --END-- [ RunTime:0.001000s ]
INFO: [ app_begin ] --START--
INFO: ReadHtmlCache Behavior ::run [ RunTime:0.003000s ]
INFO: [ app_begin ] --END-- [ RunTime:0.003000s ]
SQL: SHOW COLUMNS FROM `book` [ RunTime:0.045003s ]
SQL: SELECT * FROM `book` LEFT JOIN book_cat ON book.cat_id = book_cat.id WHERE ( `name` LIKE '%学习指南%' )  [ RunTime:0.002000s ]
INFO: [ view_parse ] --START--
NOTIC: [8] Undefined variable: pageTitle D:\xampp\htdocs\myblog\APP\Runtime\Cache\Home\0c21858ee72c46e49f2af0cba322ac2c.php 第 4 行.
NOTIC: [8] Undefined variable: seo_keywords D:\xampp\htdocs\myblog\APP\Runtime\Cache\Home\0c21858ee72c46e49f2af0cba322ac2c.php 第 5 行.
NOTIC: [8] Undefined variable: seo_description D:\xampp\htdocs\myblog\APP\Runtime\Cache\Home\0c21858ee72c46e49f2af0cba322ac2c.php 第 6 行.
NOTIC: [8] Undefined variable: bodyId D:\xampp\htdocs\myblog\APP\Runtime\Cache\Home\0c21858ee72c46e49f2af0cba322ac2c.php 第 25 行.
NOTIC: [8] Undefined variable: user D:\xampp\htdocs\myblog\APP\Runtime\Cache\Home\0c21858ee72c46e49f2af0cba322ac2c.php 第 71 行.
INFO: ParseTemplate Behavior ::run [ RunTime:0.026001s ]
INFO: [ view_parse ] --END-- [ RunTime:0.026001s ]
INFO: [ view_filter ] --START--
INFO: ContentReplace Behavior ::run [ RunTime:0.002000s ]
INFO: TokenBuild Behavior ::run [ RunTime:0.001000s ]
INFO: WriteHtmlCache Behavior ::run [ RunTime:0.001001s ]
INFO: ShowRuntime Behavior ::run [ RunTime:0.002000s ]
INFO: [ view_filter ] --END-- [ RunTime:0.006001s ]
INFO: [ view_end ] --START--
INFO: ShowPageTrace Behavior ::run [ RunTime:0.001000s ]
INFO: [ view_end ] --END-- [ RunTime:0.002000s ]

[ 2014-02-21T17:40:06+08:00 ] 0.0.0.0 /myblog/index.php/Home/Book/search
INFO: [ route_check ] --START--
INFO: CheckRoute Behavior ::run [ RunTime:0.002000s ]
INFO: [ route_check ] --END-- [ RunTime:0.002000s ]
INFO: [ app_begin ] --START--
INFO: ReadHtmlCache Behavior ::run [ RunTime:0.002000s ]
INFO: [ app_begin ] --END-- [ RunTime:0.002000s ]
SQL: SHOW COLUMNS FROM `book` [ RunTime:0.006001s ]
SQL: SELECT * FROM `book` LEFT JOIN book_cat ON book.cat_id = book_cat.id WHERE ( `name` LIKE '%学习指南%' )  [ RunTime:0.001000s ]
INFO: [ view_parse ] --START--
NOTIC: [8] Undefined variable: pageTitle D:\xampp\htdocs\myblog\APP\Runtime\Cache\Home\0c21858ee72c46e49f2af0cba322ac2c.php 第 4 行.
NOTIC: [8] Undefined variable: seo_keywords D:\xampp\htdocs\myblog\APP\Runtime\Cache\Home\0c21858ee72c46e49f2af0cba322ac2c.php 第 5 行.
NOTIC: [8] Undefined variable: seo_description D:\xampp\htdocs\myblog\APP\Runtime\Cache\Home\0c21858ee72c46e49f2af0cba322ac2c.php 第 6 行.
NOTIC: [8] Undefined variable: bodyId D:\xampp\htdocs\myblog\APP\Runtime\Cache\Home\0c21858ee72c46e49f2af0cba322ac2c.php 第 25 行.
NOTIC: [8] Undefined variable: user D:\xampp\htdocs\myblog\APP\Runtime\Cache\Home\0c21858ee72c46e49f2af0cba322ac2c.php 第 71 行.
INFO: ParseTemplate Behavior ::run [ RunTime:0.026001s ]
INFO: [ view_parse ] --END-- [ RunTime:0.026001s ]
INFO: [ view_filter ] --START--
INFO: ContentReplace Behavior ::run [ RunTime:0.002001s ]
INFO: TokenBuild Behavior ::run [ RunTime:0.004000s ]
INFO: WriteHtmlCache Behavior ::run [ RunTime:0.001000s ]
INFO: ShowRuntime Behavior ::run [ RunTime:0.002000s ]
INFO: [ view_filter ] --END-- [ RunTime:0.009001s ]
INFO: [ view_end ] --START--
INFO: ShowPageTrace Behavior ::run [ RunTime:0.002000s ]
INFO: [ view_end ] --END-- [ RunTime:0.002000s ]

[ 2014-02-21T17:43:45+08:00 ] 0.0.0.0 /myblog/index.php/Home/Book/search
INFO: [ route_check ] --START--
INFO: CheckRoute Behavior ::run [ RunTime:0.001000s ]
INFO: [ route_check ] --END-- [ RunTime:0.002000s ]
INFO: [ app_begin ] --START--
INFO: ReadHtmlCache Behavior ::run [ RunTime:0.001000s ]
INFO: [ app_begin ] --END-- [ RunTime:0.001000s ]
SQL: SHOW COLUMNS FROM `book` [ RunTime:0.004000s ]
SQL: SELECT * FROM `book` LEFT JOIN book_cat ON book.cat_id = book_cat.id WHERE ( book.name LIKE '%学习指南%' )  [ RunTime:0.001000s ]
INFO: [ view_parse ] --START--
NOTIC: [8] Undefined variable: pageTitle D:\xampp\htdocs\myblog\APP\Runtime\Cache\Home\0c21858ee72c46e49f2af0cba322ac2c.php 第 4 行.
NOTIC: [8] Undefined variable: seo_keywords D:\xampp\htdocs\myblog\APP\Runtime\Cache\Home\0c21858ee72c46e49f2af0cba322ac2c.php 第 5 行.
NOTIC: [8] Undefined variable: seo_description D:\xampp\htdocs\myblog\APP\Runtime\Cache\Home\0c21858ee72c46e49f2af0cba322ac2c.php 第 6 行.
NOTIC: [8] Undefined variable: bodyId D:\xampp\htdocs\myblog\APP\Runtime\Cache\Home\0c21858ee72c46e49f2af0cba322ac2c.php 第 25 行.
NOTIC: [8] Undefined variable: user D:\xampp\htdocs\myblog\APP\Runtime\Cache\Home\0c21858ee72c46e49f2af0cba322ac2c.php 第 71 行.
INFO: ParseTemplate Behavior ::run [ RunTime:0.028002s ]
INFO: [ view_parse ] --END-- [ RunTime:0.030002s ]
INFO: [ view_filter ] --START--
INFO: ContentReplace Behavior ::run [ RunTime:0.002000s ]
INFO: TokenBuild Behavior ::run [ RunTime:0.001000s ]
INFO: WriteHtmlCache Behavior ::run [ RunTime:0.001000s ]
INFO: ShowRuntime Behavior ::run [ RunTime:0.002000s ]
INFO: [ view_filter ] --END-- [ RunTime:0.006000s ]
INFO: [ view_end ] --START--
INFO: ShowPageTrace Behavior ::run [ RunTime:0.002000s ]
INFO: [ view_end ] --END-- [ RunTime:0.002000s ]

[ 2014-02-21T17:44:42+08:00 ] 0.0.0.0 /myblog/index.php/Home/Book/search
INFO: [ route_check ] --START--
INFO: CheckRoute Behavior ::run [ RunTime:0.002000s ]
INFO: [ route_check ] --END-- [ RunTime:0.002000s ]
INFO: [ app_begin ] --START--
INFO: ReadHtmlCache Behavior ::run [ RunTime:0.002000s ]
INFO: [ app_begin ] --END-- [ RunTime:0.002000s ]
SQL: SHOW COLUMNS FROM `book` [ RunTime:0.006000s ]
SQL: SELECT * FROM `book` LEFT JOIN book_cat ON book.cat_id = book_cat.id WHERE ( book.name LIKE '%学习指南%' )  [ RunTime:0.002000s ]
INFO: [ view_parse ] --START--
NOTIC: [8] Undefined variable: pageTitle D:\xampp\htdocs\myblog\APP\Runtime\Cache\Home\0c21858ee72c46e49f2af0cba322ac2c.php 第 4 行.
NOTIC: [8] Undefined variable: seo_keywords D:\xampp\htdocs\myblog\APP\Runtime\Cache\Home\0c21858ee72c46e49f2af0cba322ac2c.php 第 5 行.
NOTIC: [8] Undefined variable: seo_description D:\xampp\htdocs\myblog\APP\Runtime\Cache\Home\0c21858ee72c46e49f2af0cba322ac2c.php 第 6 行.
NOTIC: [8] Undefined variable: bodyId D:\xampp\htdocs\myblog\APP\Runtime\Cache\Home\0c21858ee72c46e49f2af0cba322ac2c.php 第 25 行.
NOTIC: [8] Undefined variable: user D:\xampp\htdocs\myblog\APP\Runtime\Cache\Home\0c21858ee72c46e49f2af0cba322ac2c.php 第 71 行.
INFO: ParseTemplate Behavior ::run [ RunTime:0.029001s ]
INFO: [ view_parse ] --END-- [ RunTime:0.029001s ]
INFO: [ view_filter ] --START--
INFO: ContentReplace Behavior ::run [ RunTime:0.002000s ]
INFO: TokenBuild Behavior ::run [ RunTime:0.001000s ]
INFO: WriteHtmlCache Behavior ::run [ RunTime:0.001000s ]
INFO: ShowRuntime Behavior ::run [ RunTime:0.002001s ]
INFO: [ view_filter ] --END-- [ RunTime:0.006001s ]
INFO: [ view_end ] --START--
INFO: ShowPageTrace Behavior ::run [ RunTime:0.003000s ]
INFO: [ view_end ] --END-- [ RunTime:0.003000s ]

[ 2014-02-21T17:45:36+08:00 ] 0.0.0.0 /myblog/index.php/Home/Book/search
INFO: [ route_check ] --START--
INFO: CheckRoute Behavior ::run [ RunTime:0.002000s ]
INFO: [ route_check ] --END-- [ RunTime:0.002000s ]
INFO: [ app_begin ] --START--
INFO: ReadHtmlCache Behavior ::run [ RunTime:0.001000s ]
INFO: [ app_begin ] --END-- [ RunTime:0.002000s ]
SQL: SHOW COLUMNS FROM `book` [ RunTime:0.015000s ]
SQL: SELECT * FROM `book` LEFT JOIN book_cat ON book.cat_id = book_cat.id WHERE ( book.name LIKE '%学习指南%' )  [ RunTime:0.002000s ]
INFO: [ view_parse ] --START--
NOTIC: [8] Undefined variable: pageTitle D:\xampp\htdocs\myblog\APP\Runtime\Cache\Home\0c21858ee72c46e49f2af0cba322ac2c.php 第 4 行.
NOTIC: [8] Undefined variable: seo_keywords D:\xampp\htdocs\myblog\APP\Runtime\Cache\Home\0c21858ee72c46e49f2af0cba322ac2c.php 第 5 行.
NOTIC: [8] Undefined variable: seo_description D:\xampp\htdocs\myblog\APP\Runtime\Cache\Home\0c21858ee72c46e49f2af0cba322ac2c.php 第 6 行.
NOTIC: [8] Undefined variable: bodyId D:\xampp\htdocs\myblog\APP\Runtime\Cache\Home\0c21858ee72c46e49f2af0cba322ac2c.php 第 25 行.
NOTIC: [8] Undefined variable: user D:\xampp\htdocs\myblog\APP\Runtime\Cache\Home\0c21858ee72c46e49f2af0cba322ac2c.php 第 71 行.
INFO: ParseTemplate Behavior ::run [ RunTime:0.025001s ]
INFO: [ view_parse ] --END-- [ RunTime:0.027001s ]
INFO: [ view_filter ] --START--
INFO: ContentReplace Behavior ::run [ RunTime:0.001000s ]
INFO: TokenBuild Behavior ::run [ RunTime:0.001000s ]
INFO: WriteHtmlCache Behavior ::run [ RunTime:0.001000s ]
INFO: ShowRuntime Behavior ::run [ RunTime:0.001000s ]
INFO: [ view_filter ] --END-- [ RunTime:0.005001s ]
INFO: [ view_end ] --START--
INFO: ShowPageTrace Behavior ::run [ RunTime:0.001000s ]
INFO: [ view_end ] --END-- [ RunTime:0.001000s ]

[ 2014-02-21T19:16:28+08:00 ] 0.0.0.0 /myblog/index.php/Home/Book/__APP_/Home/Book/book/id/1
ERR: 非法操作:__app_

[ 2014-02-21T23:35:26+08:00 ] 0.0.0.0 /myblog/index.php/Admin/Blog/addBlog/
ERR: MySQL server has gone away

